\BOOKMARK [1][-]{section.1}{\376\377\151\202\217\360}{}% 1
\BOOKMARK [2][-]{subsection.1.1}{\376\377\230\171\166\356\200\314\146\157\123\312\141\017\116\111}{section.1}% 2
\BOOKMARK [2][-]{subsection.1.2}{\376\377\126\375\121\205\131\026\170\024\172\166\163\260\162\266}{section.1}% 3
\BOOKMARK [2][-]{subsection.1.3}{\376\377\230\171\166\356\135\345\117\134\151\202\217\360}{section.1}% 4
\BOOKMARK [3][-]{subsubsection.1.3.1}{\376\377\133\236\163\260\122\237\200\375}{subsection.1.3}% 5
\BOOKMARK [3][-]{subsubsection.1.3.2}{\376\377\137\000\123\321\163\257\130\203}{subsection.1.3}% 6
\BOOKMARK [1][-]{section.2}{\376\377\116\373\122\241\122\006\147\220\140\073\176\323}{}% 7
\BOOKMARK [2][-]{subsection.2.1}{\376\377\122\035\215\133\226\066\153\265}{section.2}% 8
\BOOKMARK [2][-]{subsection.2.2}{\376\377\121\263\215\133\226\066\153\265}{section.2}% 9
\BOOKMARK [1][-]{section.3}{\376\377\174\373\176\337\150\106\147\266\213\276\213\241}{}% 10
\BOOKMARK [2][-]{subsection.3.1}{\376\377\145\164\117\123\150\106\147\266}{section.3}% 11
\BOOKMARK [2][-]{subsection.3.2}{\376\377\121\205\150\070\152\041\127\127\213\276\213\241}{section.3}% 12
\BOOKMARK [3][-]{subsubsection.3.2.1}{\376\377\217\333\172\013\173\241\164\006}{subsection.3.2}% 13
\BOOKMARK [3][-]{subsubsection.3.2.2}{\376\377\121\205\133\130\173\241\164\006}{subsection.3.2}% 14
\BOOKMARK [3][-]{subsubsection.3.2.3}{\376\377\145\207\116\366\174\373\176\337}{subsection.3.2}% 15
\BOOKMARK [1][-]{section.4}{\376\377\121\167\117\123\133\236\163\260}{}% 16
\BOOKMARK [2][-]{subsection.4.1}{\376\377\121\205\150\070\166\204\124\057\122\250}{section.4}% 17
\BOOKMARK [2][-]{subsection.4.2}{\376\377\217\333\172\013\173\241\164\006\116\016\116\055\145\255\137\002\136\070\147\072\122\066}{section.4}% 18
\BOOKMARK [3][-]{subsubsection.4.2.1}{\376\377\150\070\137\303\176\323\147\204\117\123\000p\000r\000o\000c}{subsection.4.2}% 19
\BOOKMARK [3][-]{subsubsection.4.2.2}{\376\377\217\333\172\013\173\241\164\006\121\375\145\160}{subsection.4.2}% 20
\BOOKMARK [3][-]{subsubsection.4.2.3}{\376\377\116\055\145\255\137\002\136\070\147\072\122\066}{subsection.4.2}% 21
\BOOKMARK [3][-]{subsubsection.4.2.4}{\376\377\116\055\145\255\131\004\164\006}{subsection.4.2}% 22
\BOOKMARK [2][-]{subsection.4.3}{\376\377\121\205\133\130\173\241\164\006}{section.4}% 23
\BOOKMARK [3][-]{subsubsection.4.3.1}{\376\377\121\205\150\070\127\060\127\100\172\172\225\364}{subsection.4.3}% 24
\BOOKMARK [3][-]{subsubsection.4.3.2}{\376\377\165\050\142\067\127\060\127\100\172\172\225\364}{subsection.4.3}% 25
\BOOKMARK [3][-]{subsubsection.4.3.3}{\376\377\000S\000h\000a\000r\000e\000d\000\040\000M\000e\000m\000o\000r\000y}{subsection.4.3}% 26
\BOOKMARK [3][-]{subsubsection.4.3.4}{\376\377\121\205\133\130\173\241\164\006\121\375\145\160}{subsection.4.3}% 27
\BOOKMARK [3][-]{subsubsection.4.3.5}{\376\377\000m\000m\000a\000p\124\214\000m\000u\000n\000m\000a\000p}{subsection.4.3}% 28
\BOOKMARK [3][-]{subsubsection.4.3.6}{\376\377\121\205\133\130\173\241\164\006\117\030\123\026\145\271\154\325}{subsection.4.3}% 29
\BOOKMARK [2][-]{subsection.4.4}{\376\377\145\207\116\366\174\373\176\337}{section.4}% 30
\BOOKMARK [3][-]{subsubsection.4.4.1}{\376\377\121\163\225\056\176\323\147\204\117\123}{subsection.4.4}% 31
\BOOKMARK [3][-]{subsubsection.4.4.2}{\376\377\121\163\225\056\121\375\145\160}{subsection.4.4}% 32
\BOOKMARK [1][-]{section.5}{\376\377\155\113\213\325\176\323\147\234}{}% 33
\BOOKMARK [1][-]{section.6}{\376\377\140\073\176\323\116\016\141\037\140\237}{}% 34
\BOOKMARK [2][-]{subsection.6.1}{\376\377\135\345\117\134\133\236\163\260\140\073\176\323}{section.6}% 35
\BOOKMARK [2][-]{subsection.6.2}{\376\377\147\000\176\310\141\037\140\237}{section.6}% 36
